2021-10-20 13:36:27,895 - pyswarms.discrete.binary - INFO - Optimize for 1000 iters with {'c1': 0.5, 'c2': 0.5, 'w': 0.9, 'k': 30, 'p': 2}
2021-10-20 13:37:05,873 - pyswarms.discrete.binary - INFO - Optimize for 1000 iters with {'c1': 0.5, 'c2': 0.5, 'w': 0.9, 'k': 30, 'p': 2}
2021-10-20 14:33:44,830 - pyswarms.discrete.binary - INFO - Optimize for 1000 iters with {'c1': 0.5, 'c2': 0.5, 'w': 0.9, 'k': 30, 'p': 2}
2021-10-20 14:34:23,037 - pyswarms.discrete.binary - INFO - Optimization finished | best cost: 0.236, best pos: [1 1 1 1 0 1 1 0 1 1 1 1 1 1 1]
2021-10-20 14:42:22,231 - pyswarms.discrete.binary - INFO - Optimize for 1000 iters with {'c1': 0.5, 'c2': 0.5, 'w': 0.9, 'k': 30, 'p': 2}
2021-10-20 14:44:49,199 - pyswarms.discrete.binary - INFO - Optimization finished | best cost: 0.19279999999999997, best pos: [1 1 1 1 1 1 1 1 1 1 0 1 1 1 1]
2021-10-20 20:27:14,657 - pyswarms.discrete.binary - INFO - Optimize for 1000 iters with {'c1': 0.5, 'c2': 0.5, 'w': 0.9, 'k': 30, 'p': 2}
2021-10-20 20:38:34,510 - pyswarms.discrete.binary - INFO - Optimization finished | best cost: 0.8112449799196787, best pos: [0 0 0 0 0 1 1 0 0 1 1 0 0 1 0 1 0 0 0 0 0]
2021-10-25 19:12:50,839 - pyswarms.discrete.binary - INFO - Optimize for 1000 iters with {'c1': 0.5, 'c2': 0.5, 'w': 0.9, 'k': 30, 'p': 2}
2021-10-25 19:13:42,254 - pyswarms.discrete.binary - INFO - Optimize for 1000 iters with {'c1': 0.5, 'c2': 0.5, 'w': 0.9, 'k': 30, 'p': 2}
2021-10-25 19:25:13,895 - pyswarms.discrete.binary - INFO - Optimization finished | best cost: 0.7651006711409396, best pos: [0 1 1 0 0 0 0 0 0 0 0 0 0 0 1 0 1 1 0 0]
2021-10-26 14:09:08,201 - pyswarms.discrete.binary - INFO - Optimize for 100 iters with {'c1': 0.5, 'c2': 0.5, 'w': 0.9, 'k': 40, 'p': 2}
2021-10-26 14:10:58,408 - pyswarms.discrete.binary - INFO - Optimize for 100 iters with {'c1': 0.5, 'c2': 0.5, 'w': 0.9, 'k': 40, 'p': 2}
2021-10-26 14:12:40,007 - pyswarms.discrete.binary - INFO - Optimize for 100 iters with {'c1': 0.5, 'c2': 0.5, 'w': 0.9, 'k': 40, 'p': 2}
2021-10-26 14:13:33,625 - pyswarms.discrete.binary - INFO - Optimize for 1000 iters with {'c1': 0.5, 'c2': 0.5, 'w': 0.9, 'k': 40, 'p': 2}
2021-10-26 14:13:52,854 - pyswarms.discrete.binary - INFO - Optimize for 1000 iters with {'c1': 0.5, 'c2': 0.5, 'w': 0.9, 'k': 40, 'p': 2}
2021-10-26 14:14:08,508 - pyswarms.discrete.binary - INFO - Optimize for 1000 iters with {'c1': 0.5, 'c2': 0.5, 'w': 0.9, 'k': 40, 'p': 2}
2021-10-26 14:17:03,057 - pyswarms.discrete.binary - INFO - Optimize for 1000 iters with {'c1': 0.5, 'c2': 0.5, 'w': 0.9, 'k': 40, 'p': 2}
2021-10-26 14:17:35,565 - pyswarms.discrete.binary - INFO - Optimization finished | best cost: 0.24966442953020135, best pos: [0 0 1 0 0 0 1 0 0 0 0 0 0 0 0 0 0 1 0 0]
2021-10-26 14:18:12,612 - pyswarms.discrete.binary - INFO - Optimize for 1000 iters with {'c1': 0.5, 'c2': 0.5, 'w': 0.9, 'k': 40, 'p': 2}
2021-10-26 14:18:44,598 - pyswarms.discrete.binary - INFO - Optimization finished | best cost: 0.24966442953020135, best pos: [0 1 1 0 0 0 1 0 0 0 0 0 0 0 0 0 0 1 0 0]
2021-10-26 14:22:05,878 - pyswarms.discrete.binary - INFO - Optimize for 1000 iters with {'c1': 0.5, 'c2': 0.5, 'w': 0.9, 'k': 40, 'p': 2}
2021-10-26 14:22:51,912 - pyswarms.discrete.binary - INFO - Optimize for 1000 iters with {'c1': 0.5, 'c2': 0.5, 'w': 0.9, 'k': 40, 'p': 2}
2021-10-26 14:23:11,186 - pyswarms.discrete.binary - INFO - Optimize for 1000 iters with {'c1': 0.5, 'c2': 0.5, 'w': 0.9, 'k': 40, 'p': 2}
2021-10-26 14:23:42,749 - pyswarms.discrete.binary - INFO - Optimization finished | best cost: 0.24966442953020135, best pos: [0 0 1 0 0 0 1 0 0 0 0 0 0 0 0 0 0 1 0 0]
2021-10-26 14:25:35,867 - pyswarms.discrete.binary - INFO - Optimize for 1000 iters with {'c1': 0.5, 'c2': 0.5, 'w': 0.9, 'k': 40, 'p': 2}
2021-10-26 14:26:06,101 - pyswarms.discrete.binary - INFO - Optimization finished | best cost: 0.24966442953020135, best pos: [0 1 1 0 0 0 1 0 0 0 0 0 0 0 0 0 0 1 0 0]
2021-10-26 14:26:53,498 - pyswarms.discrete.binary - INFO - Optimize for 1000 iters with {'c1': 0.5, 'c2': 0.5, 'w': 0.9, 'k': 40, 'p': 2}
2021-10-26 14:27:23,452 - pyswarms.discrete.binary - INFO - Optimization finished | best cost: 0.24966442953020135, best pos: [0 0 1 0 0 0 1 0 0 0 0 0 0 1 0 0 0 1 0 0]
2021-10-26 14:51:39,957 - pyswarms.discrete.binary - INFO - Optimize for 1000 iters with {'c1': 0.5, 'c2': 0.5, 'w': 0.9, 'k': 40, 'p': 2}
2021-10-26 14:52:11,727 - pyswarms.discrete.binary - INFO - Optimization finished | best cost: 0.24966442953020135, best pos: [0 0 1 0 0 0 1 0 0 0 0 0 0 0 0 0 0 1 0 0]
2021-10-26 14:55:00,565 - pyswarms.discrete.binary - INFO - Optimize for 1000 iters with {'c1': 0.5, 'c2': 0.5, 'w': 0.9, 'k': 40, 'p': 2}
2021-10-26 14:55:32,484 - pyswarms.discrete.binary - INFO - Optimization finished | best cost: 0.24966442953020135, best pos: [0 0 1 0 0 0 1 0 0 0 0 0 0 1 0 0 0 1 0 0]
2021-10-26 14:55:32,501 - pyswarms.discrete.binary - INFO - Optimize for 1000 iters with {'c1': 0.5, 'c2': 0.5, 'w': 0.9, 'k': 40, 'p': 2}
2021-10-26 14:56:05,398 - pyswarms.discrete.binary - INFO - Optimization finished | best cost: 0.24966442953020135, best pos: [0 0 1 0 0 0 1 0 0 0 0 0 0 0 0 0 0 1 0 0]
2021-10-26 14:56:05,415 - pyswarms.discrete.binary - INFO - Optimize for 1000 iters with {'c1': 0.5, 'c2': 0.5, 'w': 0.9, 'k': 40, 'p': 2}
2021-10-26 15:01:13,826 - pyswarms.discrete.binary - INFO - Optimize for 1000 iters with {'c1': 0.5, 'c2': 0.5, 'w': 0.9, 'k': 40, 'p': 2}
2021-10-26 15:01:46,126 - pyswarms.discrete.binary - INFO - Optimize for 1000 iters with {'c1': 0.5, 'c2': 0.5, 'w': 0.9, 'k': 40, 'p': 2}
2021-10-26 15:01:55,863 - pyswarms.discrete.binary - INFO - Optimize for 1000 iters with {'c1': 0.5, 'c2': 0.5, 'w': 0.9, 'k': 40, 'p': 2}
2021-10-26 15:02:10,434 - pyswarms.discrete.binary - INFO - Optimize for 1000 iters with {'c1': 0.5, 'c2': 0.5, 'w': 0.9, 'k': 40, 'p': 2}
2021-10-26 15:03:22,770 - pyswarms.discrete.binary - INFO - Optimize for 1000 iters with {'c1': 0.5, 'c2': 0.5, 'w': 0.9, 'k': 40, 'p': 2}
2021-10-26 15:03:51,021 - pyswarms.discrete.binary - INFO - Optimization finished | best cost: 0.24966442953020135, best pos: [0 0 1 0 0 0 1 0 0 0 0 0 0 1 0 0 0 1 0 0]
2021-10-26 15:05:39,798 - pyswarms.discrete.binary - INFO - Optimize for 1000 iters with {'c1': 0.5, 'c2': 0.5, 'w': 0.9, 'k': 40, 'p': 2}
2021-10-26 15:06:09,517 - pyswarms.discrete.binary - INFO - Optimization finished | best cost: 0.24966442953020135, best pos: [0 0 1 0 0 0 1 0 0 0 0 0 0 0 0 0 0 1 0 0]
2021-10-26 15:06:09,531 - pyswarms.discrete.binary - INFO - Optimize for 1000 iters with {'c1': 0.5, 'c2': 0.5, 'w': 0.9, 'k': 40, 'p': 2}
2021-10-26 15:06:36,229 - pyswarms.discrete.binary - INFO - Optimization finished | best cost: 0.14102564102564102, best pos: [0 0 1 1 0 0 0 0 0 0 0 0 1 0 0 0 0 0 1 1]
2021-10-26 15:06:36,245 - pyswarms.discrete.binary - INFO - Optimize for 1000 iters with {'c1': 0.5, 'c2': 0.5, 'w': 0.9, 'k': 40, 'p': 2}
2021-10-26 15:18:24,180 - pyswarms.discrete.binary - INFO - Optimize for 1000 iters with {'c1': 0.5, 'c2': 0.5, 'w': 0.9, 'k': 40, 'p': 2}
2021-10-26 15:18:34,922 - pyswarms.discrete.binary - INFO - Optimize for 1000 iters with {'c1': 0.5, 'c2': 0.5, 'w': 0.9, 'k': 40, 'p': 2}
2021-10-26 15:18:59,985 - pyswarms.discrete.binary - INFO - Optimization finished | best cost: 0.14102564102564102, best pos: [0 0 1 1 0 0 0 0 0 1 0 1 1 1 0 0 0 0 0 0]
2021-10-26 15:18:59,992 - pyswarms.discrete.binary - INFO - Optimize for 1000 iters with {'c1': 0.5, 'c2': 0.5, 'w': 0.9, 'k': 40, 'p': 2}
2021-10-26 15:20:53,820 - pyswarms.discrete.binary - INFO - Optimize for 1000 iters with {'c1': 0.5, 'c2': 0.5, 'w': 0.9, 'k': 40, 'p': 2}
2021-10-26 15:21:20,179 - pyswarms.discrete.binary - INFO - Optimization finished | best cost: 0.14102564102564102, best pos: [1 1 1 0 0 0 0 0 0 1 0 0 0 0 0 0 0 1 0 0]
2021-10-26 15:21:20,193 - pyswarms.discrete.binary - INFO - Optimize for 1000 iters with {'c1': 0.5, 'c2': 0.5, 'w': 0.9, 'k': 40, 'p': 2}
2021-10-26 15:23:51,894 - pyswarms.discrete.binary - INFO - Optimize for 1000 iters with {'c1': 0.5, 'c2': 0.5, 'w': 0.9, 'k': 40, 'p': 2}
2021-10-26 15:24:19,101 - pyswarms.discrete.binary - INFO - Optimization finished | best cost: 0.14102564102564102, best pos: [1 0 1 0 0 0 0 0 0 0 0 1 1 1 0 0 0 0 1 0]
2021-10-26 15:24:19,116 - pyswarms.discrete.binary - INFO - Optimize for 1000 iters with {'c1': 0.5, 'c2': 0.5, 'w': 0.9, 'k': 40, 'p': 2}
2021-10-27 15:45:13,354 - pyswarms.discrete.binary - INFO - Optimize for 1000 iters with {'c1': 0.5, 'c2': 0.5, 'w': 0.9, 'k': 40, 'p': 2}
2021-10-27 15:45:37,300 - pyswarms.discrete.binary - INFO - Optimization finished | best cost: 0.14102564102564102, best pos: [0 0 1 0 0 0 0 0 0 1 0 0 1 0 1 0 0 0 0 0]
2021-10-27 15:45:37,354 - pyswarms.discrete.binary - INFO - Optimize for 1000 iters with {'c1': 0.5, 'c2': 0.5, 'w': 0.9, 'k': 40, 'p': 2}
2021-10-27 15:46:48,605 - pyswarms.discrete.binary - INFO - Optimize for 1000 iters with {'c1': 0.5, 'c2': 0.5, 'w': 0.9, 'k': 40, 'p': 2}
2021-10-27 15:48:19,041 - pyswarms.discrete.binary - INFO - Optimization finished | best cost: 0.14102564102564102, best pos: [0 1 1 0 0 0 0 0 0 1 0 1 1 0 1 0 0 1 0 0]
2021-10-27 15:48:19,060 - pyswarms.discrete.binary - INFO - Optimize for 1000 iters with {'c1': 0.5, 'c2': 0.5, 'w': 0.9, 'k': 40, 'p': 2}
2021-10-27 15:57:58,667 - pyswarms.discrete.binary - INFO - Optimize for 1000 iters with {'c1': 0.5, 'c2': 0.5, 'w': 0.9, 'k': 40, 'p': 2}
2021-10-27 15:58:25,991 - pyswarms.discrete.binary - INFO - Optimization finished | best cost: 0.14102564102564102, best pos: [1 0 1 1 1 0 0 0 0 1 0 0 0 0 0 0 0 0 0 1]
2021-10-27 15:58:26,006 - pyswarms.discrete.binary - INFO - Optimize for 1000 iters with {'c1': 0.5, 'c2': 0.5, 'w': 0.9, 'k': 40, 'p': 2}
2021-10-27 15:58:57,987 - pyswarms.discrete.binary - INFO - Optimization finished | best cost: 0.7610619469026548, best pos: [0 0 1 0 0 0 1 0 0 0 0 0 1 0 1 0 1 1 1 1 0]
2021-10-27 15:58:58,004 - pyswarms.discrete.binary - INFO - Optimize for 1000 iters with {'c1': 0.5, 'c2': 0.5, 'w': 0.9, 'k': 40, 'p': 2}
2021-10-27 16:00:04,427 - pyswarms.discrete.binary - INFO - Optimization finished | best cost: 0.013157894736842105, best pos: [1 0 0 0 0 0 0 0 0 0 0 0 0 0 0 0 0 0 0 0 0]
2021-10-27 16:00:04,448 - pyswarms.discrete.binary - INFO - Optimize for 1000 iters with {'c1': 0.5, 'c2': 0.5, 'w': 0.9, 'k': 40, 'p': 2}
2021-10-27 16:01:31,547 - pyswarms.discrete.binary - INFO - Optimization finished | best cost: 0.5768348623853211, best pos: [0 1 0 0 0 0 1 0 1 1 1 1 1 0 0 1 0 0 1 0 1]
2021-10-27 16:01:31,570 - pyswarms.discrete.binary - INFO - Optimize for 1000 iters with {'c1': 0.5, 'c2': 0.5, 'w': 0.9, 'k': 40, 'p': 2}
2021-10-27 16:03:11,864 - pyswarms.discrete.binary - INFO - Optimization finished | best cost: 0.03005181347150259, best pos: [1 0 0 1 0 0 0 0 0 0 0 0 0 0 0 0 1 0 0 0 0]
2021-10-27 16:03:11,885 - pyswarms.discrete.binary - INFO - Optimize for 1000 iters with {'c1': 0.5, 'c2': 0.5, 'w': 0.9, 'k': 40, 'p': 2}
2021-10-27 16:03:51,452 - pyswarms.discrete.binary - INFO - Optimization finished | best cost: 0.7669616519174042, best pos: [0 1 0 0 0 1 0 0 0 0 0 1 0 1 0 1 1 1 1 1]
2021-10-27 16:03:51,774 - pyswarms.discrete.binary - INFO - Optimize for 1000 iters with {'c1': 0.5, 'c2': 0.5, 'w': 0.9, 'k': 40, 'p': 2}
2021-10-27 16:10:39,487 - pyswarms.discrete.binary - INFO - Optimize for 1000 iters with {'c1': 0.5, 'c2': 0.5, 'w': 0.9, 'k': 40, 'p': 2}
2021-10-27 16:11:07,582 - pyswarms.discrete.binary - INFO - Optimization finished | best cost: 0.8153409090909091, best pos: [0 1 1 1 1 0 1 0 1 1 1 1 0 0 1 1 1 1 0 0]
2021-10-27 16:11:07,597 - pyswarms.discrete.binary - INFO - Optimize for 1000 iters with {'c1': 0.5, 'c2': 0.5, 'w': 0.9, 'k': 40, 'p': 2}
2021-10-27 16:12:19,067 - pyswarms.discrete.binary - INFO - Optimization finished | best cost: 0.022058823529411766, best pos: [0 0 0 0 0 0 0 0 0 0 0 0 0 0 0 1 0 0 0 0]
2021-10-27 16:12:19,383 - pyswarms.discrete.binary - INFO - Optimize for 1000 iters with {'c1': 0.5, 'c2': 0.5, 'w': 0.9, 'k': 40, 'p': 2}
2021-10-27 16:13:30,052 - pyswarms.discrete.binary - INFO - Optimization finished | best cost: 0.058823529411764705, best pos: [0 0 0 0 0 0 0 0 0 0 0 0 0 0 0 1 0 0 0 0]
2021-10-27 16:13:30,074 - pyswarms.discrete.binary - INFO - Optimize for 1000 iters with {'c1': 0.5, 'c2': 0.5, 'w': 0.9, 'k': 40, 'p': 2}
2021-10-27 16:14:50,130 - pyswarms.discrete.binary - INFO - Optimization finished | best cost: 0.07051282051282051, best pos: [0 0 1 0 0 0 0 0 0 0 0 0 0 0 0 1 0 0 0 0]
2021-10-27 16:14:50,454 - pyswarms.discrete.binary - INFO - Optimize for 1000 iters with {'c1': 0.5, 'c2': 0.5, 'w': 0.9, 'k': 40, 'p': 2}
2021-10-27 16:15:50,971 - pyswarms.discrete.binary - INFO - Optimization finished | best cost: 0.08719346049046321, best pos: [0 0 1 0 0 0 0 0 0 0 0 0 0 0 0 0 0 0 0 0]
2021-10-27 16:15:51,276 - pyswarms.discrete.binary - INFO - Optimize for 1000 iters with {'c1': 0.5, 'c2': 0.5, 'w': 0.9, 'k': 40, 'p': 2}
2021-10-27 16:16:35,784 - pyswarms.discrete.binary - INFO - Optimization finished | best cost: 0.9085365853658537, best pos: [0 1 1 0 0 0 0 0 0 0 1 1 1 0 1 1 1 1 1 1]
2021-10-27 16:16:36,086 - pyswarms.discrete.binary - INFO - Optimize for 1000 iters with {'c1': 0.5, 'c2': 0.5, 'w': 0.9, 'k': 40, 'p': 2}
2021-10-27 16:17:16,497 - pyswarms.discrete.binary - INFO - Optimization finished | best cost: 0.8821138211382114, best pos: [0 1 1 0 0 1 0 0 0 1 0 0 0 1 1 1 0 1 1 1]
2021-10-27 16:17:16,517 - pyswarms.discrete.binary - INFO - Optimize for 1000 iters with {'c1': 0.5, 'c2': 0.5, 'w': 0.9, 'k': 40, 'p': 2}
2021-10-27 16:18:07,697 - pyswarms.discrete.binary - INFO - Optimization finished | best cost: 0.08888888888888889, best pos: [0 0 1 0 0 0 1 0 0 0 0 0 0 0 0 0 0 0 0 0]
2021-10-27 16:18:08,012 - pyswarms.discrete.binary - INFO - Optimize for 1000 iters with {'c1': 0.5, 'c2': 0.5, 'w': 0.9, 'k': 40, 'p': 2}
2021-10-27 16:18:59,614 - pyswarms.discrete.binary - INFO - Optimization finished | best cost: 0.03669724770642202, best pos: [0 0 0 0 0 0 0 0 0 0 0 0 0 0 0 1 0 0 0 0]
2021-10-27 16:18:59,941 - pyswarms.discrete.binary - INFO - Optimize for 1000 iters with {'c1': 0.5, 'c2': 0.5, 'w': 0.9, 'k': 40, 'p': 2}
2021-10-27 16:20:07,066 - pyswarms.discrete.binary - INFO - Optimization finished | best cost: 0.024390243902439025, best pos: [0 0 0 0 0 0 0 0 0 0 0 0 0 0 0 1 0 0 0 0]
2021-10-27 16:20:07,385 - pyswarms.discrete.binary - INFO - Optimize for 1000 iters with {'c1': 0.5, 'c2': 0.5, 'w': 0.9, 'k': 40, 'p': 2}
2021-10-27 16:20:44,993 - pyswarms.discrete.binary - INFO - Optimization finished | best cost: 0.17560975609756097, best pos: [0 1 1 0 0 0 0 0 0 1 0 1 1 1 1 0 0 0 0 0]
2021-10-27 16:20:45,304 - pyswarms.discrete.binary - INFO - Optimize for 1000 iters with {'c1': 0.5, 'c2': 0.5, 'w': 0.9, 'k': 40, 'p': 2}
2021-10-27 16:21:56,665 - pyswarms.discrete.binary - INFO - Optimization finished | best cost: 0.11282051282051282, best pos: [0 0 0 0 0 0 1 0 0 0 0 0 0 1 0 1 1 0 0 0]
2021-10-27 16:21:56,979 - pyswarms.discrete.binary - INFO - Optimize for 1000 iters with {'c1': 0.5, 'c2': 0.5, 'w': 0.9, 'k': 40, 'p': 2}
2021-10-27 16:23:05,457 - pyswarms.discrete.binary - INFO - Optimization finished | best cost: 0.06477732793522267, best pos: [0 0 1 0 0 0 0 0 0 0 0 0 0 1 0 1 0 0 1 0]
2021-10-27 16:23:05,477 - pyswarms.discrete.binary - INFO - Optimize for 1000 iters with {'c1': 0.5, 'c2': 0.5, 'w': 0.9, 'k': 40, 'p': 2}
2021-10-27 16:24:25,892 - pyswarms.discrete.binary - INFO - Optimization finished | best cost: 0.014705882352941176, best pos: [0 1 0 0 0 0 0 0 0 0 0 0 0 0 0 0 0 0 0 0]
2021-10-27 16:24:25,914 - pyswarms.discrete.binary - INFO - Optimize for 1000 iters with {'c1': 0.5, 'c2': 0.5, 'w': 0.9, 'k': 40, 'p': 2}
2021-10-27 16:25:41,363 - pyswarms.discrete.binary - INFO - Optimization finished | best cost: 0.012658227848101266, best pos: [0 0 0 0 0 0 0 0 0 0 0 0 0 0 0 1 0 0 0 0]
2021-10-27 16:25:41,384 - pyswarms.discrete.binary - INFO - Optimize for 1000 iters with {'c1': 0.5, 'c2': 0.5, 'w': 0.9, 'k': 40, 'p': 2}
2021-10-27 16:26:24,464 - pyswarms.discrete.binary - INFO - Optimization finished | best cost: 0.041401273885350316, best pos: [1 0 1 0 1 0 0 0 0 0 0 0 0 0 1 0 0 0 0 0]
2021-10-27 16:26:24,789 - pyswarms.discrete.binary - INFO - Optimize for 1000 iters with {'c1': 0.5, 'c2': 0.5, 'w': 0.9, 'k': 40, 'p': 2}
2021-10-27 16:27:30,784 - pyswarms.discrete.binary - INFO - Optimization finished | best cost: 0.03636363636363636, best pos: [0 0 1 0 0 0 0 0 0 0 0 0 0 0 0 0 0 1 0 0]
2021-10-27 16:27:31,087 - pyswarms.discrete.binary - INFO - Optimize for 1000 iters with {'c1': 0.5, 'c2': 0.5, 'w': 0.9, 'k': 40, 'p': 2}
2021-10-27 16:28:51,618 - pyswarms.discrete.binary - INFO - Optimization finished | best cost: 0.020361990950226245, best pos: [0 0 0 0 0 0 0 0 0 0 0 0 0 0 0 1 0 0 0 0]
2021-10-27 16:28:51,640 - pyswarms.discrete.binary - INFO - Optimize for 1000 iters with {'c1': 0.5, 'c2': 0.5, 'w': 0.9, 'k': 40, 'p': 2}
2021-10-27 16:29:33,484 - pyswarms.discrete.binary - INFO - Optimization finished | best cost: 0.3755656108597285, best pos: [0 0 1 0 0 0 0 0 0 0 0 0 0 0 0 0 0 0 0 0]
2021-10-27 16:29:33,801 - pyswarms.discrete.binary - INFO - Optimize for 1000 iters with {'c1': 0.5, 'c2': 0.5, 'w': 0.9, 'k': 40, 'p': 2}
2021-10-27 16:30:19,945 - pyswarms.discrete.binary - INFO - Optimization finished | best cost: 0.1303030303030303, best pos: [0 0 1 0 1 0 1 0 0 0 1 0 0 1 0 0 1 0 0 0]
2021-10-27 16:30:20,253 - pyswarms.discrete.binary - INFO - Optimize for 1000 iters with {'c1': 0.5, 'c2': 0.5, 'w': 0.9, 'k': 40, 'p': 2}
2021-10-27 16:31:01,136 - pyswarms.discrete.binary - INFO - Optimization finished | best cost: 0.1875, best pos: [1 0 1 0 0 0 0 0 0 0 0 0 0 0 1 1 0 1 0 0]
2021-10-27 16:31:01,154 - pyswarms.discrete.binary - INFO - Optimize for 1000 iters with {'c1': 0.5, 'c2': 0.5, 'w': 0.9, 'k': 40, 'p': 2}
2021-10-27 16:31:48,237 - pyswarms.discrete.binary - INFO - Optimization finished | best cost: 0.08917197452229299, best pos: [0 0 1 0 0 0 0 0 0 0 0 0 1 0 0 0 0 0 0 0]
2021-10-27 16:31:48,553 - pyswarms.discrete.binary - INFO - Optimize for 1000 iters with {'c1': 0.5, 'c2': 0.5, 'w': 0.9, 'k': 40, 'p': 2}
2021-10-27 16:32:46,773 - pyswarms.discrete.binary - INFO - Optimization finished | best cost: 0.04054054054054054, best pos: [0 0 1 0 1 0 0 0 0 1 0 1 0 0 0 1 1 0 0 0]
2021-10-27 16:32:47,108 - pyswarms.discrete.binary - INFO - Optimize for 1000 iters with {'c1': 0.5, 'c2': 0.5, 'w': 0.9, 'k': 40, 'p': 2}
2021-10-27 16:33:46,317 - pyswarms.discrete.binary - INFO - Optimization finished | best cost: 0.05859375, best pos: [0 0 1 1 0 0 0 1 0 0 0 1 0 0 0 0 0 0 1 0]
2021-10-27 16:33:46,339 - pyswarms.discrete.binary - INFO - Optimize for 1000 iters with {'c1': 0.5, 'c2': 0.5, 'w': 0.9, 'k': 40, 'p': 2}
2021-10-27 16:34:28,051 - pyswarms.discrete.binary - INFO - Optimization finished | best cost: 0.55859375, best pos: [0 0 0 0 0 0 0 0 0 1 0 1 0 0 0 0 0 0 0 0]
2021-10-27 16:34:28,383 - pyswarms.discrete.binary - INFO - Optimize for 1000 iters with {'c1': 0.5, 'c2': 0.5, 'w': 0.9, 'k': 40, 'p': 2}
2021-10-27 16:35:17,702 - pyswarms.discrete.binary - INFO - Optimization finished | best cost: 0.8414918414918415, best pos: [0 0 1 1 0 0 0 0 1 1 1 1 1 0 1 1 1 0 0 0]
2021-10-27 16:35:17,721 - pyswarms.discrete.binary - INFO - Optimize for 1000 iters with {'c1': 0.5, 'c2': 0.5, 'w': 0.9, 'k': 40, 'p': 2}
2021-10-27 16:36:13,317 - pyswarms.discrete.binary - INFO - Optimization finished | best cost: 0.03571428571428571, best pos: [0 0 0 0 0 0 0 0 0 0 0 0 1 0 0 0 0 0 0 0]
2021-10-27 16:36:13,652 - pyswarms.discrete.binary - INFO - Optimize for 1000 iters with {'c1': 0.5, 'c2': 0.5, 'w': 0.9, 'k': 40, 'p': 2}
2021-10-27 16:37:23,823 - pyswarms.discrete.binary - INFO - Optimization finished | best cost: 0.018691588785046728, best pos: [0 1 0 0 0 0 0 0 0 0 0 0 0 0 0 0 0 0 0 0]
2021-10-27 16:37:24,142 - pyswarms.discrete.binary - INFO - Optimize for 1000 iters with {'c1': 0.5, 'c2': 0.5, 'w': 0.9, 'k': 40, 'p': 2}
2021-10-27 16:38:37,643 - pyswarms.discrete.binary - INFO - Optimization finished | best cost: 0.043668122270742356, best pos: [0 0 0 0 0 0 0 0 0 0 0 0 1 0 0 0 0 0 0 0]
2021-10-27 16:38:37,954 - pyswarms.discrete.binary - INFO - Optimize for 1000 iters with {'c1': 0.5, 'c2': 0.5, 'w': 0.9, 'k': 40, 'p': 2}
2021-10-27 16:39:19,704 - pyswarms.discrete.binary - INFO - Optimization finished | best cost: 0.5283842794759825, best pos: [0 0 0 0 0 0 1 0 0 0 0 1 0 1 0 1 1 0 0 1]
2021-10-27 16:39:20,034 - pyswarms.discrete.binary - INFO - Optimize for 1000 iters with {'c1': 0.5, 'c2': 0.5, 'w': 0.9, 'k': 40, 'p': 2}
2021-10-27 16:40:25,924 - pyswarms.discrete.binary - INFO - Optimization finished | best cost: 0.5491009681881052, best pos: [0 1 0 0 0 0 0 0 0 0 0 0 0 0 0 0 0 0 0 0]
2021-10-27 16:40:26,266 - pyswarms.discrete.binary - INFO - Optimize for 1000 iters with {'c1': 0.5, 'c2': 0.5, 'w': 0.9, 'k': 40, 'p': 2}
2021-10-27 16:41:36,000 - pyswarms.discrete.binary - INFO - Optimization finished | best cost: 0.06724782067247821, best pos: [0 0 1 0 0 0 0 0 0 0 0 0 0 0 0 0 0 0 0 0]
2021-10-27 16:41:36,318 - pyswarms.discrete.binary - INFO - Optimize for 1000 iters with {'c1': 0.5, 'c2': 0.5, 'w': 0.9, 'k': 40, 'p': 2}
2021-10-27 16:42:44,968 - pyswarms.discrete.binary - INFO - Optimization finished | best cost: 0.48361581920903957, best pos: [0 0 1 1 0 0 1 1 0 0 0 0 0 0 0 1 0 0 0 1]
2021-10-27 16:42:44,992 - pyswarms.discrete.binary - INFO - Optimize for 1000 iters with {'c1': 0.5, 'c2': 0.5, 'w': 0.9, 'k': 40, 'p': 2}
2021-10-27 16:43:55,937 - pyswarms.discrete.binary - INFO - Optimization finished | best cost: 0.0462046204620462, best pos: [0 0 1 0 0 0 0 0 0 1 0 0 0 1 0 1 1 0 0 0]
2021-10-27 16:43:56,244 - pyswarms.discrete.binary - INFO - Optimize for 1000 iters with {'c1': 0.5, 'c2': 0.5, 'w': 0.9, 'k': 40, 'p': 2}
2021-10-27 16:44:39,216 - pyswarms.discrete.binary - INFO - Optimization finished | best cost: 0.41254125412541254, best pos: [0 0 0 0 0 0 0 0 0 1 0 1 0 1 1 1 1 0 0 0]
2021-10-27 16:44:39,522 - pyswarms.discrete.binary - INFO - Optimize for 1000 iters with {'c1': 0.5, 'c2': 0.5, 'w': 0.9, 'k': 40, 'p': 2}
2021-10-27 16:45:26,569 - pyswarms.discrete.binary - INFO - Optimization finished | best cost: 0.06136363636363636, best pos: [0 0 1 1 0 0 0 1 0 0 0 0 1 0 0 0 0 0 0 0]
2021-10-27 16:45:26,882 - pyswarms.discrete.binary - INFO - Optimize for 1000 iters with {'c1': 0.5, 'c2': 0.5, 'w': 0.9, 'k': 40, 'p': 2}
2021-10-27 16:46:35,068 - pyswarms.discrete.binary - INFO - Optimization finished | best cost: 0.013245033112582781, best pos: [0 1 0 0 0 0 0 0 0 0 0 0 0 0 0 0 0 0 0 0]
2021-10-27 16:46:35,088 - pyswarms.discrete.binary - INFO - Optimize for 1000 iters with {'c1': 0.5, 'c2': 0.5, 'w': 0.9, 'k': 40, 'p': 2}
2021-10-27 16:48:43,276 - pyswarms.discrete.binary - INFO - Optimization finished | best cost: 0.015306122448979591, best pos: [0 1 0 0 0 0 0 0 0 0 0 0 0 0 0 0 0 0 0 0]
2021-10-27 16:48:43,591 - pyswarms.discrete.binary - INFO - Optimize for 1000 iters with {'c1': 0.5, 'c2': 0.5, 'w': 0.9, 'k': 40, 'p': 2}
2021-10-27 16:49:24,651 - pyswarms.discrete.binary - INFO - Optimization finished | best cost: 0.34183673469387754, best pos: [0 0 1 0 0 1 0 0 1 0 0 0 0 0 0 0 0 0 0 0]
2021-10-28 09:07:23,517 - pyswarms.discrete.binary - INFO - Optimize for 1000 iters with {'c1': 0.5, 'c2': 0.5, 'w': 0.9, 'k': 40, 'p': 2}
2021-10-28 09:16:33,002 - pyswarms.discrete.binary - INFO - Optimize for 1000 iters with {'c1': 0.5, 'c2': 0.5, 'w': 0.9, 'k': 40, 'p': 2}
2021-11-03 23:56:35,535 - pyswarms.discrete.binary - INFO - Optimize for 1000 iters with {'c1': 0.5, 'c2': 0.5, 'w': 0.9, 'k': 40, 'p': 2}
2021-11-03 23:56:59,679 - pyswarms.discrete.binary - INFO - Optimization finished | best cost: 0.7642045454545454, best pos: [0 1 1 0 0 0 0 0 0 1 0 1 0 0 1 1 0 0 0 0]
2021-11-03 23:56:59,988 - pyswarms.discrete.binary - INFO - Optimize for 1000 iters with {'c1': 0.5, 'c2': 0.5, 'w': 0.9, 'k': 40, 'p': 2}
2021-11-03 23:58:01,333 - pyswarms.discrete.binary - INFO - Optimization finished | best cost: 0.022058823529411766, best pos: [0 0 0 0 0 0 0 0 0 0 0 0 0 0 0 1 0 0 0 0]
2021-11-03 23:58:01,687 - pyswarms.discrete.binary - INFO - Optimize for 1000 iters with {'c1': 0.5, 'c2': 0.5, 'w': 0.9, 'k': 40, 'p': 2}
2021-11-03 23:58:59,493 - pyswarms.discrete.binary - INFO - Optimization finished | best cost: 0.058823529411764705, best pos: [0 0 0 0 0 0 0 0 0 0 0 0 0 0 0 1 0 0 0 0]
2021-11-03 23:58:59,803 - pyswarms.discrete.binary - INFO - Optimize for 1000 iters with {'c1': 0.5, 'c2': 0.5, 'w': 0.9, 'k': 40, 'p': 2}
2021-11-04 00:00:00,088 - pyswarms.discrete.binary - INFO - Optimization finished | best cost: 0.07051282051282051, best pos: [0 0 1 0 0 0 0 0 0 0 0 0 0 0 0 1 0 0 0 0]
2021-11-04 00:00:00,398 - pyswarms.discrete.binary - INFO - Optimize for 1000 iters with {'c1': 0.5, 'c2': 0.5, 'w': 0.9, 'k': 40, 'p': 2}
2021-11-04 00:00:45,677 - pyswarms.discrete.binary - INFO - Optimization finished | best cost: 0.08719346049046321, best pos: [0 0 1 0 0 0 0 0 0 0 0 0 0 0 0 0 0 0 0 0]
2021-11-04 00:00:45,991 - pyswarms.discrete.binary - INFO - Optimize for 1000 iters with {'c1': 0.5, 'c2': 0.5, 'w': 0.9, 'k': 40, 'p': 2}
2021-11-04 00:01:16,261 - pyswarms.discrete.binary - INFO - Optimization finished | best cost: 0.9085365853658537, best pos: [1 1 1 0 0 1 0 0 0 0 1 0 1 0 1 1 1 1 1 1]
2021-11-04 00:01:16,590 - pyswarms.discrete.binary - INFO - Optimize for 1000 iters with {'c1': 0.5, 'c2': 0.5, 'w': 0.9, 'k': 40, 'p': 2}
2021-11-04 00:01:42,519 - pyswarms.discrete.binary - INFO - Optimization finished | best cost: 0.8821138211382114, best pos: [0 1 1 0 0 1 0 0 0 1 0 0 0 1 1 1 0 1 1 1]
2021-11-04 00:01:42,527 - pyswarms.discrete.binary - INFO - Optimize for 1000 iters with {'c1': 0.5, 'c2': 0.5, 'w': 0.9, 'k': 40, 'p': 2}
2021-11-04 00:02:16,499 - pyswarms.discrete.binary - INFO - Optimization finished | best cost: 0.08888888888888889, best pos: [0 0 1 0 0 0 1 0 0 0 0 0 0 0 0 0 0 0 0 0]
2021-11-04 00:02:16,519 - pyswarms.discrete.binary - INFO - Optimize for 1000 iters with {'c1': 0.5, 'c2': 0.5, 'w': 0.9, 'k': 40, 'p': 2}
2021-11-04 00:02:55,057 - pyswarms.discrete.binary - INFO - Optimization finished | best cost: 0.03669724770642202, best pos: [0 0 0 0 0 0 0 0 0 0 0 0 0 0 0 1 0 0 0 0]
2021-11-04 00:02:55,068 - pyswarms.discrete.binary - INFO - Optimize for 1000 iters with {'c1': 0.5, 'c2': 0.5, 'w': 0.9, 'k': 40, 'p': 2}
2021-11-04 00:03:43,962 - pyswarms.discrete.binary - INFO - Optimization finished | best cost: 0.024390243902439025, best pos: [0 0 0 0 0 0 0 0 0 0 0 0 0 0 0 1 0 0 0 0]
2021-11-04 00:03:44,285 - pyswarms.discrete.binary - INFO - Optimize for 1000 iters with {'c1': 0.5, 'c2': 0.5, 'w': 0.9, 'k': 40, 'p': 2}
2021-11-04 00:04:08,144 - pyswarms.discrete.binary - INFO - Optimize for 1000 iters with {'c1': 0.5, 'c2': 0.5, 'w': 0.9, 'k': 40, 'p': 2}
2021-11-04 00:04:44,667 - pyswarms.discrete.binary - INFO - Optimization finished | best cost: 0.24966442953020135, best pos: [0 1 1 0 0 0 1 0 0 0 0 0 0 0 0 0 0 1 0 0]
2021-11-04 00:07:33,421 - pyswarms.discrete.binary - INFO - Optimize for 1000 iters with {'c1': 0.6, 'c2': 0.3, 'w': 0.4, 'k': 40, 'p': 2}
2021-11-04 00:08:05,019 - pyswarms.discrete.binary - INFO - Optimization finished | best cost: 1.2228187919463087, best pos: [0 0 0 0 0 0 0 0 0 0 0 1 0 0 0 0 0 0 0 0]
2021-11-27 21:29:42,009 - pyswarms.discrete.binary - INFO - Optimize for 1000 iters with {'c1': 0.6, 'c2': 0.3, 'w': 0.4, 'k': 40, 'p': 2}
2021-11-27 21:30:10,940 - pyswarms.discrete.binary - INFO - Optimize for 1000 iters with {'c1': 0.6, 'c2': 0.3, 'w': 0.4, 'k': 40, 'p': 2}
2021-11-27 21:47:57,003 - pyswarms.discrete.binary - INFO - Optimization finished | best cost: 2.1651006711409395, best pos: [0 0 0 0 0 0 0 0 0 0 0 0 0 1 1 0 0 0 0 0]
2021-11-29 19:22:34,534 - pyswarms.discrete.binary - INFO - Optimize for 1000 iters with {'c1': 0.6, 'c2': 0.3, 'w': 0.4, 'k': 40, 'p': 2}
2021-11-29 19:27:40,967 - pyswarms.discrete.binary - INFO - Optimization finished | best cost: 2.186991869918699, best pos: [1 0 0 0 0 0 0 0 0 0 0 0 1 0 0 0 0 0 0 0]
2021-12-01 03:18:07,526 - pyswarms.discrete.binary - INFO - Optimize for 100 iters with {'c1': 0.6, 'c2': 0.3, 'w': 0.4, 'k': 40, 'p': 2}
2021-12-01 03:19:00,025 - pyswarms.discrete.binary - INFO - Optimize for 1000 iters with {'c1': 0.6, 'c2': 0.3, 'w': 0.4, 'k': 40, 'p': 2}
2021-12-01 03:19:53,285 - pyswarms.discrete.binary - INFO - Optimize for 1000 iters with {'c1': 0.6, 'c2': 0.3, 'w': 0.4, 'k': 20, 'p': 2}
2021-12-01 03:22:36,825 - pyswarms.discrete.binary - INFO - Optimization finished | best cost: 2.186991869918699, best pos: [1 0 0 0 0 0 0 0 0 0 0 0 1 0 0 0 0 0 0 0]
2021-12-01 03:23:50,005 - pyswarms.discrete.binary - INFO - Optimize for 1000 iters with {'c1': 0.6, 'c2': 0.3, 'w': 0.4, 'k': 20, 'p': 2}
2021-12-01 03:23:59,853 - pyswarms.discrete.binary - INFO - Optimize for 100 iters with {'c1': 0.6, 'c2': 0.3, 'w': 0.4, 'k': 20, 'p': 2}
2021-12-01 03:24:15,531 - pyswarms.discrete.binary - INFO - Optimization finished | best cost: 4.227642276422764, best pos: [0 0 0 0 1 0 0 0 0 0 0 0 1 0 0 0 1 0 1 0]
2021-12-01 03:24:53,663 - pyswarms.discrete.binary - INFO - Optimize for 100 iters with {'c1': 0.6, 'c2': 0.3, 'w': 0.4, 'k': 20, 'p': 2}
2021-12-01 03:25:09,784 - pyswarms.discrete.binary - INFO - Optimization finished | best cost: 4.199186991869919, best pos: [0 1 0 0 0 1 0 0 0 0 1 0 0 0 0 0 1 0 0 0]
2021-12-01 03:25:38,474 - pyswarms.discrete.binary - INFO - Optimize for 100 iters with {'c1': 0.6, 'c2': 0.3, 'w': 0.4, 'k': 20, 'p': 2}
2021-12-01 03:25:54,323 - pyswarms.discrete.binary - INFO - Optimization finished | best cost: 3.2154471544715446, best pos: [0 0 0 0 0 0 0 0 0 0 0 0 1 1 0 0 0 0 0 1]
2021-12-01 03:26:49,415 - pyswarms.discrete.binary - INFO - Optimize for 100 iters with {'c1': 0.6, 'c2': 0.3, 'w': 0.4, 'k': 20, 'p': 2}
2021-12-01 03:27:05,150 - pyswarms.discrete.binary - INFO - Optimization finished | best cost: 4.203252032520325, best pos: [0 1 0 0 0 0 0 0 0 0 1 0 1 0 0 0 0 0 1 0]
2021-12-01 03:29:09,830 - pyswarms.discrete.binary - INFO - Optimize for 100 iters with {'c1': 0.6, 'c2': 0.3, 'w': 0.4, 'k': 20, 'p': 2}
2021-12-01 03:29:25,266 - pyswarms.discrete.binary - INFO - Optimization finished | best cost: 3.1951219512195124, best pos: [0 0 0 0 0 0 0 1 0 0 1 0 0 0 0 0 0 0 0 1]
2021-12-01 03:29:47,873 - pyswarms.discrete.binary - INFO - Optimize for 100 iters with {'c1': 0.6, 'c2': 0.3, 'w': 0.4, 'k': 20, 'p': 2}
2021-12-01 03:30:03,908 - pyswarms.discrete.binary - INFO - Optimization finished | best cost: 3.2195121951219514, best pos: [0 0 0 0 1 0 0 0 0 0 0 0 0 1 0 0 0 1 0 0]
2021-12-01 03:31:04,080 - pyswarms.discrete.binary - INFO - Optimize for 100 iters with {'c1': 0.6, 'c2': 0.3, 'w': 0.4, 'k': 20, 'p': 2}
2021-12-01 03:31:19,205 - pyswarms.discrete.binary - INFO - Optimization finished | best cost: 4.199186991869919, best pos: [1 0 0 0 0 1 0 0 1 0 1 0 0 0 0 0 0 0 0 0]
2021-12-01 03:31:43,959 - pyswarms.discrete.binary - INFO - Optimize for 100 iters with {'c1': 0.6, 'c2': 0.3, 'w': 0.4, 'k': 20, 'p': 2}
2021-12-01 03:31:58,972 - pyswarms.discrete.binary - INFO - Optimization finished | best cost: 3.2195121951219514, best pos: [0 0 1 0 1 0 0 0 0 0 0 0 1 0 0 0 0 0 0 0]
2021-12-01 20:06:37,271 - pyswarms.discrete.binary - INFO - Optimize for 100 iters with {'c1': 0.6, 'c2': 0.3, 'w': 0.4, 'k': 20, 'p': 2}
2021-12-01 20:06:42,492 - pyswarms.discrete.binary - INFO - Optimization finished | best cost: 4.0, best pos: [0 1 0 0 0 0 1 0 0 1 0 0 1 0 0 0 0 0 0 0 0]
2021-12-01 20:06:42,544 - pyswarms.discrete.binary - INFO - Optimize for 100 iters with {'c1': 0.6, 'c2': 0.3, 'w': 0.4, 'k': 20, 'p': 2}
2021-12-01 20:06:54,581 - pyswarms.discrete.binary - INFO - Optimization finished | best cost: 4.0, best pos: [0 0 0 0 1 0 0 0 0 0 0 0 0 0 1 0 1 0 1 0 0]
2021-12-01 20:06:54,634 - pyswarms.discrete.binary - INFO - Optimize for 100 iters with {'c1': 0.6, 'c2': 0.3, 'w': 0.4, 'k': 20, 'p': 2}
2021-12-01 20:11:56,793 - pyswarms.discrete.binary - INFO - Optimize for 100 iters with {'c1': 0.6, 'c2': 0.3, 'w': 0.4, 'k': 20, 'p': 2}
2021-12-01 20:12:02,651 - pyswarms.discrete.binary - INFO - Optimization finished | best cost: 5.0, best pos: [0 0 0 0 1 0 0 0 0 1 0 0 1 0 0 0 0 0 1 0 1]
2021-12-01 20:12:02,696 - pyswarms.discrete.binary - INFO - Optimize for 100 iters with {'c1': 0.6, 'c2': 0.3, 'w': 0.4, 'k': 20, 'p': 2}
2021-12-01 20:12:14,648 - pyswarms.discrete.binary - INFO - Optimization finished | best cost: 2.0, best pos: [0 0 0 0 1 0 0 0 0 1 0 0 0 0 0 0 0 0 0 0 0]
2021-12-01 20:12:14,699 - pyswarms.discrete.binary - INFO - Optimize for 100 iters with {'c1': 0.6, 'c2': 0.3, 'w': 0.4, 'k': 20, 'p': 2}
2021-12-01 20:12:28,844 - pyswarms.discrete.binary - INFO - Optimization finished | best cost: 3.0, best pos: [0 0 0 1 0 0 0 0 1 0 0 0 0 0 0 0 0 0 0 1 0]
2021-12-01 20:12:28,896 - pyswarms.discrete.binary - INFO - Optimize for 100 iters with {'c1': 0.6, 'c2': 0.3, 'w': 0.4, 'k': 20, 'p': 2}
2021-12-01 20:12:47,899 - pyswarms.discrete.binary - INFO - Optimization finished | best cost: 3.0, best pos: [0 0 0 1 0 0 0 1 0 0 1 0 0 0 0 0 0 0 0 0 0]
2021-12-01 20:12:48,001 - pyswarms.discrete.binary - INFO - Optimize for 100 iters with {'c1': 0.6, 'c2': 0.3, 'w': 0.4, 'k': 20, 'p': 2}
2021-12-01 20:13:11,173 - pyswarms.discrete.binary - INFO - Optimization finished | best cost: 4.0, best pos: [0 0 0 0 0 0 0 0 0 1 1 0 0 0 0 0 0 0 0 1 1]
2021-12-01 20:13:11,283 - pyswarms.discrete.binary - INFO - Optimize for 100 iters with {'c1': 0.6, 'c2': 0.3, 'w': 0.4, 'k': 20, 'p': 2}
2021-12-01 20:13:40,483 - pyswarms.discrete.binary - INFO - Optimization finished | best cost: 4.0, best pos: [0 0 0 0 0 1 0 0 0 0 0 0 0 1 0 1 0 1 0 0 0]
2021-12-01 20:21:19,036 - pyswarms.discrete.binary - INFO - Optimize for 100 iters with {'c1': 0.6, 'c2': 0.3, 'w': 0.4, 'k': 20, 'p': 2}
2021-12-01 20:21:25,164 - pyswarms.discrete.binary - INFO - Optimization finished | best cost: 3.1666666666666665, best pos: [0 0 0 0 0 1 0 0 0 0 0 1 0 0 0 0 0 0 0 1 0]
2021-12-01 20:21:25,225 - pyswarms.discrete.binary - INFO - Optimize for 100 iters with {'c1': 0.6, 'c2': 0.3, 'w': 0.4, 'k': 20, 'p': 2}
2021-12-01 20:21:37,927 - pyswarms.discrete.binary - INFO - Optimization finished | best cost: 3.0944206008583692, best pos: [1 0 0 0 0 0 0 0 0 0 0 0 1 0 0 0 1 0 0 0 0]
2021-12-01 20:21:37,979 - pyswarms.discrete.binary - INFO - Optimize for 100 iters with {'c1': 0.6, 'c2': 0.3, 'w': 0.4, 'k': 20, 'p': 2}
2021-12-01 20:21:51,508 - pyswarms.discrete.binary - INFO - Optimization finished | best cost: 2.0365853658536586, best pos: [0 0 0 0 0 0 0 0 0 0 0 0 0 0 1 0 0 0 1 0 0]
2021-12-01 20:21:51,583 - pyswarms.discrete.binary - INFO - Optimize for 100 iters with {'c1': 0.6, 'c2': 0.3, 'w': 0.4, 'k': 20, 'p': 2}
2021-12-01 20:22:09,945 - pyswarms.discrete.binary - INFO - Optimization finished | best cost: 3.154494382022472, best pos: [0 0 0 0 0 0 0 0 0 0 0 0 0 1 1 0 0 0 1 0 0]
2021-12-01 20:22:10,013 - pyswarms.discrete.binary - INFO - Optimize for 100 iters with {'c1': 0.6, 'c2': 0.3, 'w': 0.4, 'k': 20, 'p': 2}
2021-12-01 20:22:31,671 - pyswarms.discrete.binary - INFO - Optimization finished | best cost: 3.152941176470588, best pos: [0 1 0 0 0 1 0 0 0 0 0 0 1 0 0 0 0 0 0 0 0]
2021-12-01 20:22:31,759 - pyswarms.discrete.binary - INFO - Optimize for 100 iters with {'c1': 0.6, 'c2': 0.3, 'w': 0.4, 'k': 20, 'p': 2}
2021-12-01 20:23:00,507 - pyswarms.discrete.binary - INFO - Optimization finished | best cost: 2.2831858407079646, best pos: [0 0 0 1 0 0 0 0 0 0 1 0 0 0 0 0 0 0 0 0 0]
2021-12-01 20:24:56,241 - pyswarms.discrete.binary - INFO - Optimize for 100 iters with {'c1': 0.6, 'c2': 0.3, 'w': 0.4, 'k': 20, 'p': 2}
2021-12-01 20:25:01,868 - pyswarms.discrete.binary - INFO - Optimization finished | best cost: 4.142857142857143, best pos: [0 0 0 0 1 1 0 0 0 0 0 0 1 0 0 0 0 1 0 0 0]
2021-12-01 20:25:01,904 - pyswarms.discrete.binary - INFO - Optimize for 100 iters with {'c1': 0.6, 'c2': 0.3, 'w': 0.4, 'k': 20, 'p': 2}
2021-12-01 20:25:13,482 - pyswarms.discrete.binary - INFO - Optimization finished | best cost: 4.068669527896995, best pos: [0 0 0 0 0 0 0 0 0 1 0 0 1 1 0 0 0 0 0 1 0]
2021-12-01 20:25:13,527 - pyswarms.discrete.binary - INFO - Optimize for 100 iters with {'c1': 0.6, 'c2': 0.3, 'w': 0.4, 'k': 20, 'p': 2}
2021-12-01 20:25:25,608 - pyswarms.discrete.binary - INFO - Optimization finished | best cost: 4.036585365853658, best pos: [0 0 0 0 0 0 0 0 0 1 0 0 0 0 0 1 0 1 0 1 0]
2021-12-01 20:25:25,669 - pyswarms.discrete.binary - INFO - Optimize for 100 iters with {'c1': 0.6, 'c2': 0.3, 'w': 0.4, 'k': 20, 'p': 2}
2021-12-01 20:25:43,390 - pyswarms.discrete.binary - INFO - Optimization finished | best cost: 4.151685393258427, best pos: [0 1 0 0 0 1 1 0 0 0 1 0 0 0 0 0 0 0 0 0 0]
2021-12-01 20:25:43,465 - pyswarms.discrete.binary - INFO - Optimize for 100 iters with {'c1': 0.6, 'c2': 0.3, 'w': 0.4, 'k': 20, 'p': 2}
2021-12-01 20:26:04,847 - pyswarms.discrete.binary - INFO - Optimization finished | best cost: 3.1576470588235295, best pos: [1 0 0 0 0 0 0 0 0 0 0 0 1 0 0 0 0 0 0 1 0]
2021-12-01 20:26:04,948 - pyswarms.discrete.binary - INFO - Optimize for 100 iters with {'c1': 0.6, 'c2': 0.3, 'w': 0.4, 'k': 20, 'p': 2}
2021-12-01 20:26:34,013 - pyswarms.discrete.binary - INFO - Optimization finished | best cost: 3.274336283185841, best pos: [0 1 0 1 0 0 0 0 0 0 0 0 0 0 0 0 1 0 0 0 0]
2021-12-01 20:27:58,362 - pyswarms.discrete.binary - INFO - Optimize for 100 iters with {'c1': 0.6, 'c2': 0.3, 'w': 0.4, 'k': 20, 'p': 2}
2021-12-01 20:41:06,407 - pyswarms.discrete.binary - INFO - Optimize for 100 iters with {'c1': 0.6, 'c2': 0.3, 'w': 0.4, 'k': 20, 'p': 2}
2021-12-01 20:41:20,932 - pyswarms.discrete.binary - INFO - Optimize for 100 iters with {'c1': 0.6, 'c2': 0.3, 'w': 0.4, 'k': 20, 'p': 2}
2021-12-01 20:41:22,440 - pyswarms.discrete.binary - INFO - Optimization finished | best cost: 5.154761904761905, best pos: [0 1 0 0 0 1 0 0 0 0 0 1 0 0 0 0 0 1 0 1 0]
2021-12-01 20:41:22,487 - pyswarms.discrete.binary - INFO - Optimize for 100 iters with {'c1': 0.6, 'c2': 0.3, 'w': 0.4, 'k': 20, 'p': 2}
2021-12-01 20:41:24,043 - pyswarms.discrete.binary - INFO - Optimization finished | best cost: 4.1072961373390555, best pos: [1 0 0 0 0 0 0 0 0 0 0 0 1 0 0 1 1 0 0 0 0]
2021-12-01 20:41:24,085 - pyswarms.discrete.binary - INFO - Optimize for 100 iters with {'c1': 0.6, 'c2': 0.3, 'w': 0.4, 'k': 20, 'p': 2}
2021-12-01 20:41:25,632 - pyswarms.discrete.binary - INFO - Optimization finished | best cost: 3.0365853658536586, best pos: [0 0 0 0 0 0 1 0 0 0 0 0 0 0 0 0 1 0 0 0 1]
2021-12-01 20:41:25,690 - pyswarms.discrete.binary - INFO - Optimize for 100 iters with {'c1': 0.6, 'c2': 0.3, 'w': 0.4, 'k': 20, 'p': 2}
2021-12-01 20:41:27,373 - pyswarms.discrete.binary - INFO - Optimization finished | best cost: 3.151685393258427, best pos: [0 1 0 0 1 0 0 0 0 0 0 0 0 1 0 0 0 0 0 0 0]
2021-12-01 20:41:27,430 - pyswarms.discrete.binary - INFO - Optimize for 100 iters with {'c1': 0.6, 'c2': 0.3, 'w': 0.4, 'k': 20, 'p': 2}
2021-12-01 20:41:29,178 - pyswarms.discrete.binary - INFO - Optimization finished | best cost: 4.101176470588236, best pos: [0 0 0 1 0 0 1 0 0 0 0 0 0 0 0 1 1 0 0 0 0]
2021-12-01 20:41:29,255 - pyswarms.discrete.binary - INFO - Optimize for 100 iters with {'c1': 0.6, 'c2': 0.3, 'w': 0.4, 'k': 20, 'p': 2}
2021-12-01 20:41:31,167 - pyswarms.discrete.binary - INFO - Optimization finished | best cost: 4.27787610619469, best pos: [0 0 0 0 0 1 0 0 0 0 0 0 0 1 0 1 0 0 0 0 1]
2021-12-01 20:44:00,643 - pyswarms.discrete.binary - INFO - Optimize for 100 iters with {'c1': 0.6, 'c2': 0.3, 'w': 0.4, 'k': 20, 'p': 2}
2021-12-01 20:44:06,267 - pyswarms.discrete.binary - INFO - Optimization finished | best cost: 3.1785714285714284, best pos: [0 0 0 1 0 0 0 1 0 0 0 0 1 0 0 0 0 0 0 0 0]
2021-12-01 20:44:06,312 - pyswarms.discrete.binary - INFO - Optimize for 100 iters with {'c1': 0.6, 'c2': 0.3, 'w': 0.4, 'k': 20, 'p': 2}
2021-12-01 20:44:34,729 - pyswarms.discrete.binary - INFO - Optimization finished | best cost: 3.072961373390558, best pos: [0 1 0 0 0 0 0 0 1 0 0 0 0 0 0 0 0 0 0 0 1]
2021-12-01 20:44:34,777 - pyswarms.discrete.binary - INFO - Optimize for 100 iters with {'c1': 0.6, 'c2': 0.3, 'w': 0.4, 'k': 20, 'p': 2}
2021-12-01 20:45:04,797 - pyswarms.discrete.binary - INFO - Optimization finished | best cost: 3.0365853658536586, best pos: [0 1 0 0 0 0 0 0 0 0 0 0 0 0 1 0 0 0 1 0 0]
2021-12-01 20:45:04,887 - pyswarms.discrete.binary - INFO - Optimize for 100 iters with {'c1': 0.6, 'c2': 0.3, 'w': 0.4, 'k': 20, 'p': 2}
2021-12-01 20:46:12,957 - pyswarms.discrete.binary - INFO - Optimization finished | best cost: 5.151685393258427, best pos: [0 0 1 1 0 0 0 0 1 0 0 0 1 0 0 1 0 0 0 0 0]
2021-12-01 20:46:13,048 - pyswarms.discrete.binary - INFO - Optimize for 100 iters with {'c1': 0.6, 'c2': 0.3, 'w': 0.4, 'k': 20, 'p': 2}
2021-12-01 20:46:47,471 - pyswarms.discrete.binary - INFO - Optimize for 100 iters with {'c1': 0.6, 'c2': 0.3, 'w': 0.4, 'k': 20, 'p': 2}
2021-12-01 20:47:29,200 - pyswarms.discrete.binary - INFO - Optimize for 100 iters with {'c1': 0.6, 'c2': 0.3, 'w': 0.4, 'k': 20, 'p': 2}
2021-12-01 20:48:04,659 - pyswarms.discrete.binary - INFO - Optimize for 100 iters with {'c1': 0.6, 'c2': 0.3, 'w': 0.4, 'k': 20, 'p': 2}
2021-12-01 20:52:30,013 - pyswarms.discrete.binary - INFO - Optimize for 100 iters with {'c1': 0.6, 'c2': 0.3, 'w': 0.4, 'k': 20, 'p': 2}
2021-12-01 20:53:18,822 - pyswarms.discrete.binary - INFO - Optimize for 100 iters with {'c1': 0.6, 'c2': 0.3, 'w': 0.4, 'k': 20, 'p': 2}
2021-12-01 20:55:06,789 - pyswarms.discrete.binary - INFO - Optimize for 100 iters with {'c1': 0.6, 'c2': 0.3, 'w': 0.4, 'k': 20, 'p': 2}
2021-12-01 20:55:12,941 - pyswarms.discrete.binary - INFO - Optimization finished | best cost: 4.166666666666667, best pos: [0 0 0 0 0 0 1 1 0 0 0 0 1 0 0 0 0 0 1 0 0]
2021-12-01 20:55:12,987 - pyswarms.discrete.binary - INFO - Optimize for 100 iters with {'c1': 0.6, 'c2': 0.3, 'w': 0.4, 'k': 20, 'p': 2}
2021-12-01 20:55:44,261 - pyswarms.discrete.binary - INFO - Optimization finished | best cost: 3.0686695278969958, best pos: [0 0 0 1 1 0 0 0 0 0 0 0 0 0 0 0 0 0 0 0 1]
2021-12-01 20:55:44,310 - pyswarms.discrete.binary - INFO - Optimize for 100 iters with {'c1': 0.6, 'c2': 0.3, 'w': 0.4, 'k': 20, 'p': 2}
2021-12-01 20:56:16,729 - pyswarms.discrete.binary - INFO - Optimization finished | best cost: 3.0365853658536586, best pos: [0 0 0 0 0 0 0 0 0 0 0 0 1 1 0 0 0 0 0 0 1]
2021-12-01 20:56:16,798 - pyswarms.discrete.binary - INFO - Optimize for 100 iters with {'c1': 0.6, 'c2': 0.3, 'w': 0.4, 'k': 20, 'p': 2}
2021-12-01 20:57:25,160 - pyswarms.discrete.binary - INFO - Optimization finished | best cost: 4.154494382022472, best pos: [1 0 0 0 0 0 0 1 1 0 0 0 0 0 0 0 0 0 0 1 0]
2021-12-01 20:57:25,268 - pyswarms.discrete.binary - INFO - Optimize for 100 iters with {'c1': 0.6, 'c2': 0.3, 'w': 0.4, 'k': 20, 'p': 2}
2021-12-01 20:59:02,462 - pyswarms.discrete.binary - INFO - Optimization finished | best cost: 3.124705882352941, best pos: [0 0 0 0 0 1 0 0 0 0 0 0 0 0 0 1 0 0 0 1 0]
2021-12-01 20:59:02,622 - pyswarms.discrete.binary - INFO - Optimize for 100 iters with {'c1': 0.6, 'c2': 0.3, 'w': 0.4, 'k': 20, 'p': 2}
2021-12-01 21:02:31,351 - pyswarms.discrete.binary - INFO - Optimization finished | best cost: 3.2690265486725663, best pos: [0 0 1 1 0 0 0 1 0 0 0 0 0 0 0 0 0 0 0 0 0]
2021-12-01 21:06:25,625 - pyswarms.discrete.binary - INFO - Optimize for 100 iters with {'c1': 0.6, 'c2': 0.3, 'w': 0.4, 'k': 20, 'p': 2}
2021-12-02 06:30:47,188 - pyswarms.discrete.binary - INFO - Optimize for 100 iters with {'c1': 0.6, 'c2': 0.3, 'w': 0.4, 'k': 20, 'p': 2}
2021-12-02 06:30:58,780 - pyswarms.discrete.binary - INFO - Optimization finished | best cost: 3.305084745762712, best pos: [0 0 0 0 0 0 0 0 1 0 0 0 0 0 0 0 0 1 0 1]
2021-12-02 06:30:58,821 - pyswarms.discrete.binary - INFO - Optimize for 100 iters with {'c1': 0.6, 'c2': 0.3, 'w': 0.4, 'k': 20, 'p': 2}
2021-12-02 06:31:12,499 - pyswarms.discrete.binary - INFO - Optimization finished | best cost: 4.241379310344827, best pos: [0 1 0 1 0 0 0 0 0 0 0 0 0 0 0 1 0 0 0 1]
2021-12-02 06:31:12,532 - pyswarms.discrete.binary - INFO - Optimize for 100 iters with {'c1': 0.6, 'c2': 0.3, 'w': 0.4, 'k': 20, 'p': 2}
2021-12-03 17:34:01,450 - pyswarms.discrete.binary - INFO - Optimize for 100 iters with {'c1': 0.6, 'c2': 0.3, 'w': 0.4, 'k': 20, 'p': 2}
2021-12-03 17:35:28,764 - pyswarms.discrete.binary - INFO - Optimization finished | best cost: 3.3644408688656475, best pos: [0 1 0 0 0 1 0 0 0 0 0 0 0 0 0 1 0 0 0 0 0]
2021-12-03 17:45:08,898 - pyswarms.discrete.binary - INFO - Optimize for 100 iters with {'c1': 0.6, 'c2': 0.3, 'w': 0.4, 'k': 20, 'p': 2}
2021-12-03 17:45:11,745 - pyswarms.discrete.binary - INFO - Optimization finished | best cost: 4.363636363636363, best pos: [0 0 0 0 0 0 0 0 1 0 0 1 0 0 0 0 0 0 1 1 0]
2021-12-03 17:45:40,041 - pyswarms.discrete.binary - INFO - Optimize for 100 iters with {'c1': 0.6, 'c2': 0.3, 'w': 0.4, 'k': 20, 'p': 2}
2021-12-03 18:30:05,368 - pyswarms.discrete.binary - INFO - Optimization finished | best cost: 4.363636363636363, best pos: [0 0 0 0 0 0 0 0 1 1 0 0 0 0 0 0 0 0 1 0 1]
